<?xml version="1.0" encoding="UTF-8"?>
<testsuite xmlns:xsi="http://www.w3.org/2001/XMLSchema-instance" xsi:noNamespaceSchemaLocation="https://maven.apache.org/surefire/maven-surefire-plugin/xsd/surefire-test-report.xsd" name="com.smartexpensetracker.expense.ExpenseServiceTest" time="0.106" tests="2" errors="0" skipped="0" failures="0">
  <properties>
[...]
</properties>
  <testcase name="calculatesOverallAndCategoryTotals" classname="com.smartexpensetracker.expense.ExpenseServiceTest" time="0.069"/>
  <testcase name="summarizesExpensesForOneMonth" classname="com.smartexpensetracker.expense.ExpenseServiceTest" time="0.028"/>
</testsuite>